
[3/6/2016 5:51:21 PM]  
[3/6/2016 5:51:21 PM]  *** Starting Exchange Rate Application... ***
[3/6/2016 5:51:21 PM] Logging In To CRMOD: secure-ausomxjna.crmondemand.com with Username: ASBG/Admin
[3/6/2016 5:51:21 PM] SessionID: gQBOxZV20_qVyvd4g3fD3dv9dxSkZzEkAdcQtFPAjCtJn62YhdFi!905004037
[3/6/2016 5:51:22 PM] Currency: EURUSD  Rate: 1.0999 Date: 3/6/2016
[3/6/2016 5:51:22 PM] Currency: CHFUSD  Rate: 1.0065 Date: 3/6/2016
[3/6/2016 5:51:22 PM] Currency: BRLUSD  Rate: 0.2660 Date: 3/6/2016
[3/6/2016 5:51:22 PM] Currency: CNYUSD  Rate: 0.1533 Date: 3/6/2016
[3/6/2016 5:51:22 PM] Logging Out of CRMOD: secure-ausomxjna.crmondemand.com with Username: ASBG/Admin
[3/6/2016 5:51:22 PM] ---------------------------------------------------------
[3/7/2016 7:53:50 AM]  
[3/7/2016 7:53:50 AM]  *** Starting Exchange Rate Application... ***
[3/7/2016 7:53:50 AM] Logging In To CRMOD: secure-ausomxjna.crmondemand.com with Username: ASBG/Admin
[3/7/2016 7:53:51 AM] SessionID: Kw5RyOgLwH4FjWRN_aj_DsTcvMWxlYNI891AYQbgjR7Eg4iuXrzf!-693941460
[3/7/2016 7:53:52 AM] Currency: EURUSD  Rate: 1.0999 Date: 3/6/2016
[3/7/2016 7:53:52 AM] Currency: CHFUSD  Rate: 1.0065 Date: 3/6/2016
[3/7/2016 7:53:52 AM] Currency: BRLUSD  Rate: 0.2660 Date: 3/6/2016
[3/7/2016 7:53:52 AM] Currency: CNYUSD  Rate: 0.1533 Date: 3/6/2016
[3/7/2016 7:56:24 AM]  
[3/7/2016 7:56:24 AM]  *** Starting Exchange Rate Application... ***
[3/7/2016 7:56:24 AM] Logging In To CRMOD: secure-ausomxjna.crmondemand.com with Username: ASBG/Admin
[3/7/2016 7:56:25 AM] SessionID: 5dZRy0I8AVv5A15qLeS1tugK_FCeaEmCNNx-ViYoyoke8JvytD8I!-2039660484
[3/7/2016 4:29:03 PM]  
[3/7/2016 4:29:03 PM]  *** Starting Exchange Rate Application... ***
[3/7/2016 4:29:03 PM] Logging In To CRMOD: secure-ausomxjna.crmondemand.com with Username: ASBG/Admin
[3/7/2016 4:29:04 PM] SessionID: OyBToJlqJ0ra84oNh5sMTRnznTBUzLHB08CTpyBGVXeQGsykp5WJ!-693941460
[3/7/2016 4:29:05 PM] Currency: EURUSD  Rate: 1.1015 Date: 3/7/2016
[3/7/2016 4:29:05 PM] Currency: CHFUSD  Rate: 1.0047 Date: 3/7/2016
[3/7/2016 4:29:05 PM] Currency: BRLUSD  Rate: 0.2636 Date: 3/7/2016
[3/7/2016 4:29:05 PM] Currency: CNYUSD  Rate: 0.1534 Date: 3/7/2016
[3/7/2016 4:29:05 PM] Logging Out of CRMOD: secure-ausomxjna.crmondemand.com with Username: ASBG/Admin
[3/7/2016 4:29:05 PM] ---------------------------------------------------------
[3/18/2016 4:39:56 PM]  
[3/18/2016 4:39:56 PM]  *** Starting Exchange Rate Application... ***
[3/18/2016 4:39:56 PM] Logging In To CRMOD: secure-ausomxjna.crmondemand.com with Username: ASBG/Admin
[3/18/2016 4:39:57 PM] SessionID: hNmLq6OcbcD9NL7UpF_7OMt305x0zbiO9GI5CIAzKJ21qxEgkl5a!1336248393
[3/18/2016 4:43:36 PM]  
[3/18/2016 4:43:36 PM]  *** Starting Exchange Rate Application... ***
[3/18/2016 4:43:36 PM] Logging In To CRMOD: secure-ausomxjna.crmondemand.com with Username: ASBG/Admin
[3/18/2016 4:43:37 PM] SessionID: P5uLrv4o1Xnvdwzww0TU6IP52dSvb9fL1wGK4FZaX72gdbxvuLyH!-242063326
[3/18/2016 4:46:38 PM]  
[3/18/2016 4:46:38 PM]  *** Starting Exchange Rate Application... ***
[3/18/2016 4:46:38 PM] Logging In To CRMOD: secure-ausomxjna.crmondemand.com with Username: ASBG/Admin
[3/18/2016 4:46:39 PM] SessionID: K2KLscZsmfZzLizG936BMJbVE3chnbC2QOfCAu51x2SR-ZrI63iy!905004037
[3/18/2016 4:46:47 PM] Currency: EURUSD  Rate: 1.1299 Date: 3/18/2016
[3/18/2016 4:46:50 PM] Currency: CHFUSD  Rate: 1.0327 Date: 3/18/2016
[3/18/2016 4:47:00 PM] Currency: BRLUSD  Rate: 0.2761 Date: 3/18/2016
[3/18/2016 4:47:02 PM] Currency: CNYUSD  Rate: 0.1545 Date: 3/18/2016
[3/18/2016 4:47:05 PM] Currency: SGDUSD  Rate: 0.7371 Date: 3/18/2016
[3/18/2016 4:47:21 PM] Currency: MXNUSD  Rate: 0.0579 Date: 3/18/2016
[3/18/2016 4:47:32 PM] Logging Out of CRMOD: secure-ausomxjna.crmondemand.com with Username: ASBG/Admin
[3/18/2016 4:47:32 PM] ---------------------------------------------------------
[3/18/2016 4:49:07 PM]  
[3/18/2016 4:49:07 PM]  *** Starting Exchange Rate Application... ***
[3/18/2016 4:49:07 PM] Logging In To CRMOD: secure-ausomxjna.crmondemand.com with Username: ASBG/Admin
[3/18/2016 4:49:08 PM] SessionID: QRSLtAxFFcHfdaMsH2PDd1gDhVfXX2m66Jy686ZICfoCAshAiH1z!1336248393
[3/18/2016 4:49:09 PM] Currency: EURUSD  Rate: 1.1268 Date: 3/18/2016
[3/18/2016 4:49:09 PM] Currency: CHFUSD  Rate: 1.0316 Date: 3/18/2016
[3/18/2016 4:49:09 PM] Currency: BRLUSD  Rate: 0.2761 Date: 3/18/2016
[3/18/2016 4:49:09 PM] Currency: CNYUSD  Rate: 0.1545 Date: 3/18/2016
[3/18/2016 4:49:09 PM] Currency: SGDUSD  Rate: 0.7370 Date: 3/18/2016
[3/18/2016 4:49:09 PM] Currency: MXNUSD  Rate: 0.0578 Date: 3/18/2016
[3/18/2016 4:49:09 PM] Logging Out of CRMOD: secure-ausomxjna.crmondemand.com with Username: ASBG/Admin
[3/18/2016 4:49:09 PM] ---------------------------------------------------------
[3/18/2016 4:51:16 PM]  
[3/18/2016 4:51:16 PM]  *** Starting Exchange Rate Application... ***
[3/18/2016 4:51:16 PM] Logging In To CRMOD: secure-ausomxjna.crmondemand.com with Username: ASBG/Admin
[3/18/2016 4:51:17 PM] SessionID: -LyLtgNE3uYUgo5ctAxuWyg3EumnlLvUHiXb1jQpXC0Gv_TYsohl!-2039660484
[3/18/2016 4:51:18 PM] Currency: EURUSD  Rate: 1.1299 Date: 3/18/2016
[3/18/2016 4:51:18 PM] Currency: CHFUSD  Rate: 1.0316 Date: 3/18/2016
[3/18/2016 4:51:18 PM] Currency: BRLUSD  Rate: 0.2785 Date: 3/18/2016
[3/18/2016 4:51:18 PM] Currency: CNYUSD  Rate: 0.1545 Date: 3/18/2016
[3/18/2016 4:51:18 PM] Currency: SGDUSD  Rate: 0.7371 Date: 3/18/2016
[3/18/2016 4:51:18 PM] Currency: MXNUSD  Rate: 0.0579 Date: 3/18/2016
[3/18/2016 4:52:24 PM] Logging Out of CRMOD: secure-ausomxjna.crmondemand.com with Username: ASBG/Admin
[3/18/2016 4:52:24 PM] ---------------------------------------------------------
[3/18/2016 4:53:47 PM]  
[3/18/2016 4:53:47 PM]  *** Starting Exchange Rate Application... ***
[3/18/2016 4:53:47 PM] Logging In To CRMOD: secure-ausomxjna.crmondemand.com with Username: ASBG/Admin
[3/18/2016 4:53:48 PM] SessionID: R2KLuFBJ9ay_lKfTgOlIl7o5G27gxVJNRN4DwvM2AoKZo3L74jKK!-242063326
[3/18/2016 4:53:49 PM] Currency: EURUSD  Rate: 1.1290 Date: 3/18/2016
[3/18/2016 4:53:49 PM] Currency: CHFUSD  Rate: 1.0325 Date: 3/18/2016
[3/18/2016 4:53:49 PM] Currency: BRLUSD  Rate: 0.2760 Date: 3/18/2016
[3/18/2016 4:53:49 PM] Currency: CNYUSD  Rate: 0.1545 Date: 3/18/2016
[3/18/2016 4:53:49 PM] Currency: SGDUSD  Rate: 0.7370 Date: 3/18/2016
[3/18/2016 4:53:49 PM] Currency: MXNUSD  Rate: 0.0578 Date: 3/18/2016
[3/18/2016 4:53:49 PM] Logging Out of CRMOD: secure-ausomxjna.crmondemand.com with Username: ASBG/Admin
[3/18/2016 4:53:49 PM] ---------------------------------------------------------
[6/15/2016 4:35:13 PM]  
[6/15/2016 4:35:13 PM]  *** Starting Exchange Rate Application... ***
[6/15/2016 4:35:13 PM] Logging In To CRMOD: secure-ausomxjna.crmondemand.com with Username: ASBG/Admin
[6/15/2016 4:35:14 PM] SessionID: 8itWazeVRbV4B27n9rQ1bvFVNzbBCE4cSVdLVmHvo3Wa2MA3wT8U!111302333
[6/15/2016 4:35:15 PM] Currency: EURUSD  Rate: 1.1264 Date: 6/15/2016
[6/15/2016 4:35:15 PM] Currency: CHFUSD  Rate: 1.0366 Date: 6/15/2016
[6/15/2016 4:35:15 PM] Currency: BRLUSD  Rate: 0.2879 Date: 6/16/2016
[6/15/2016 4:35:15 PM] Currency: CNYUSD  Rate: 0.1519 Date: 6/15/2016
[6/15/2016 4:35:15 PM] Currency: SGDUSD  Rate: 0.7398 Date: 6/15/2016
[6/15/2016 4:35:15 PM] Currency: MXNUSD  Rate: 0.0529 Date: 6/16/2016
[6/15/2016 4:35:15 PM] Currency: GBPUSD  Rate: 1.4200 Date: 6/15/2016
[6/15/2016 4:35:15 PM] Currency: JPYUSD  Rate: 0.0094 Date: 6/15/2016
[6/15/2016 4:35:16 PM] Logging Out of CRMOD: secure-ausomxjna.crmondemand.com with Username: ASBG/Admin
[6/15/2016 4:35:16 PM] ---------------------------------------------------------
[6/15/2016 4:35:38 PM]  
[6/15/2016 4:35:38 PM]  *** Starting Exchange Rate Application... ***
[6/15/2016 4:35:38 PM] Logging In To CRMOD: secure-ausomxjna.crmondemand.com with Username: ASBG/Admin
[6/15/2016 4:35:39 PM] SessionID: H21Wa5wDqbrYcf3jgJy8kQP9qeDVHBGpI0vz1hIRH1QtpgOfI7uc!746818566
[6/15/2016 4:35:40 PM] Currency: EURUSD  Rate: 1.1212 Date: 6/15/2016
[6/15/2016 4:35:40 PM] Currency: CHFUSD  Rate: 1.0366 Date: 6/15/2016
[6/15/2016 4:35:40 PM] Currency: BRLUSD  Rate: 0.2879 Date: 6/16/2016
[6/15/2016 4:35:40 PM] Currency: CNYUSD  Rate: 0.1520 Date: 6/15/2016
[6/15/2016 4:35:40 PM] Currency: SGDUSD  Rate: 0.7398 Date: 6/15/2016
[6/15/2016 4:35:40 PM] Currency: MXNUSD  Rate: 0.0528 Date: 6/15/2016
[6/15/2016 4:35:40 PM] Currency: GBPUSD  Rate: 1.4205 Date: 6/15/2016
[6/15/2016 4:35:40 PM] Currency: JPYUSD  Rate: 0.0094 Date: 6/15/2016
[6/15/2016 4:35:59 PM] Logging Out of CRMOD: secure-ausomxjna.crmondemand.com with Username: ASBG/Admin
[6/15/2016 4:35:59 PM] ---------------------------------------------------------
[3/23/2018 9:09:38 AM]  
[3/23/2018 9:09:38 AM]  *** Starting Exchange Rate Application... ***
[3/23/2018 9:09:38 AM] Logging In To CRMOD: secure-ausomxjna.crmondemand.com with Username: ASBG/Admin
[3/23/2018 9:09:38 AM] SessionID: IC1Tn2nFisCWpwxyUZZ2ormIlWukiSXR-zhnJXNXMlHrdm3VY-6q!695992018
[3/23/2018 9:10:51 AM] Logging Out of CRMOD: secure-ausomxjna.crmondemand.com with Username: ASBG/Admin
[3/23/2018 9:10:51 AM] ---------------------------------------------------------
[3/23/2018 9:10:59 AM]  
[3/23/2018 9:10:59 AM]  *** Starting Exchange Rate Application... ***
[3/23/2018 9:10:59 AM] Logging In To CRMOD: secure-ausomxjna.crmondemand.com with Username: ASBG/Admin
[3/23/2018 9:11:00 AM] SessionID: laRToKlpjvJb5-ZPnESbaH_Pg7kBM0yctSIRu5xsaw84El6maQGa!-711835669
[3/23/2018 9:12:42 AM]  
[3/23/2018 9:12:42 AM]  *** Starting Exchange Rate Application... ***
[3/23/2018 9:12:42 AM] Logging In To CRMOD: secure-ausomxjna.crmondemand.com with Username: ASBG/Admin
[3/23/2018 9:12:42 AM] SessionID: 0phTojkkUXMOH645QO4wwAfUo9umZwWO6P428hnhs_qkejAvI351!-1379888424
[3/23/2018 9:14:10 AM]  
[3/23/2018 9:14:10 AM]  *** Starting Exchange Rate Application... ***
[3/23/2018 9:14:10 AM] Logging In To CRMOD: secure-ausomxjna.crmondemand.com with Username: ASBG/Admin
[3/23/2018 9:14:11 AM] SessionID: rQtTo5Hwte5raJPdmhIn3dMmM3flNzEThvTMKI-_6hvHiy2kN5at!695992018
[3/23/2018 9:21:53 AM]  
[3/23/2018 9:21:53 AM]  *** Starting Exchange Rate Application... ***
[3/23/2018 9:21:53 AM] Logging In To CRMOD: secure-ausomxjna.crmondemand.com with Username: ASBG/Admin
[3/23/2018 9:21:54 AM] SessionID: GtlTqqMHmQ79WhQMyCb6hBCvp1mDHuctxQquq_VnvB6WAfmP0of0!695992018
[3/23/2018 9:21:56 AM] Logging Out of CRMOD: secure-ausomxjna.crmondemand.com with Username: ASBG/Admin
[3/23/2018 9:21:56 AM] ---------------------------------------------------------
[3/23/2018 9:21:59 AM]  
[3/23/2018 9:21:59 AM]  *** Starting Exchange Rate Application... ***
[3/23/2018 9:21:59 AM] Logging In To CRMOD: secure-ausomxjna.crmondemand.com with Username: ASBG/Admin
[3/23/2018 9:22:00 AM] SessionID: IWJTqrn339fDGxs9AYBwKdZzj8KynZq0o_DeqAlOCwlZr85fYHO0!695992018
[3/23/2018 9:22:02 AM] Logging Out of CRMOD: secure-ausomxjna.crmondemand.com with Username: ASBG/Admin
[3/23/2018 9:22:02 AM] ---------------------------------------------------------
[3/23/2018 9:22:14 AM]  
[3/23/2018 9:22:14 AM]  *** Starting Exchange Rate Application... ***
[3/23/2018 9:22:14 AM] Logging In To CRMOD: secure-ausomxjna.crmondemand.com with Username: ASBG/Admin
[3/23/2018 9:22:15 AM] SessionID: AwpTqvRZny3J-amjhTn27YkqhBNeX72kPmX1Bwq_1d-4KzGyahIy!695992018
[3/23/2018 9:22:20 AM] Logging Out of CRMOD: secure-ausomxjna.crmondemand.com with Username: ASBG/Admin
[3/23/2018 9:22:20 AM] ---------------------------------------------------------
[3/26/2018 9:36:27 AM]  
[3/26/2018 9:36:27 AM]  *** Starting Exchange Rate Application... ***
[3/26/2018 9:36:27 AM] Logging In To CRMOD: secure-ausomxjna.crmondemand.com with Username: ASBG/Admin
[3/26/2018 9:36:27 AM] SessionID: 5ndjKwmi9s13mJHg_TDY5rmoercAZ7fHd2GFdlQrWEWflMAup0Kd!-711835669
[3/26/2018 9:55:22 AM]  
[3/26/2018 9:55:22 AM]  *** Starting Exchange Rate Application... ***
[3/26/2018 9:55:22 AM] Logging In To CRMOD: secure-ausomxjna.crmondemand.com with Username: ASBG/Admin
[3/26/2018 9:55:23 AM] SessionID: 7_BjPF2N5wN2chsxl8JSSe3Y0NdXI_S_J3XnXYa_4eFdOS-VqDn2!-711835669
[3/26/2018 9:56:03 AM]  
[3/26/2018 9:56:03 AM]  *** Starting Exchange Rate Application... ***
[3/26/2018 9:56:03 AM] Logging In To CRMOD: secure-ausomxjna.crmondemand.com with Username: ASBG/Admin
[3/26/2018 9:56:04 AM] SessionID: Y7JjPP0dA-Q0z3nP3BWv6OLHwvcuQhHg4sFQqWYHDLqamyil8bgQ!-1379888424
[3/26/2018 10:00:06 AM]  
[3/26/2018 10:00:06 AM]  *** Starting Exchange Rate Application... ***
[3/26/2018 10:00:06 AM] Logging In To CRMOD: secure-ausomxjna.crmondemand.com with Username: ASBG/Admin
[3/26/2018 10:00:06 AM] SessionID: IhxjQLBOipIyuSkeHFS4QgLy9bGDMWT4WkTtjuN7Pqh8_kosuC4p!1492799118
[3/26/2018 10:06:29 AM]  
[3/26/2018 10:06:29 AM]  *** Starting Exchange Rate Application... ***
[3/26/2018 10:06:29 AM] Logging In To CRMOD: secure-ausomxjna.crmondemand.com with Username: ASBG/Admin
[3/26/2018 10:06:29 AM] SessionID: C7JjRokoBNOL63y2n3vfvT8NeZFUEQkiIEOEntZaGr0hVp-vKy6N!-711835669
[3/26/2018 10:07:21 AM]  
[3/26/2018 10:07:21 AM]  *** Starting Exchange Rate Application... ***
[3/26/2018 10:07:21 AM] Logging In To CRMOD: secure-ausomxjna.crmondemand.com with Username: ASBG/Admin
[3/26/2018 10:07:22 AM] SessionID: yUZjR1XByoB9DCHxb1UgmwREwoaQw4E3FnkfkTXChcHrf4W41o1J!-711835669
[3/26/2018 10:08:07 AM]  
[3/26/2018 10:08:07 AM]  *** Starting Exchange Rate Application... ***
[3/26/2018 10:08:07 AM] Logging In To CRMOD: secure-ausomxjna.crmondemand.com with Username: ASBG/Admin
[3/26/2018 10:08:08 AM] SessionID: DjJjSApFJ5Bh9RKaEoeLEDI7M_nEHNFQlZuWJoOKu1m9YbeSe1gY!-1379888424
[3/26/2018 10:08:46 AM]  
[3/26/2018 10:08:46 AM]  *** Starting Exchange Rate Application... ***
[3/26/2018 10:08:46 AM] Logging In To CRMOD: secure-ausomxjna.crmondemand.com with Username: ASBG/Admin
[3/26/2018 10:08:46 AM] SessionID: OwtjSJ__9m9mMHEUEcKcFid5jcBwdmJw0NrrJYNnpKAv0BzkMwqd!-711835669
[3/26/2018 10:08:59 AM] Conversion from string "1.245018}" to type 'Double' is not valid.
[3/26/2018 10:08:59 AM] Logging Out of CRMOD: secure-ausomxjna.crmondemand.com with Username: ASBG/Admin
[3/26/2018 10:08:59 AM] ---------------------------------------------------------
[3/26/2018 10:09:32 AM]  
[3/26/2018 10:09:32 AM]  *** Starting Exchange Rate Application... ***
[3/26/2018 10:09:32 AM] Logging In To CRMOD: secure-ausomxjna.crmondemand.com with Username: ASBG/Admin
[3/26/2018 10:09:33 AM] SessionID: v21jSVXldbDpkyDbeIHSsQb3zr9ynbgqe3nbYxikfoVm-GQi5Y--!-711835669
[3/26/2018 10:09:49 AM] Conversion from string "1.245018}" to type 'Double' is not valid.
[3/26/2018 10:09:49 AM] Logging Out of CRMOD: secure-ausomxjna.crmondemand.com with Username: ASBG/Admin
[3/26/2018 10:09:49 AM] ---------------------------------------------------------
[3/26/2018 10:10:00 AM]  
[3/26/2018 10:10:00 AM]  *** Starting Exchange Rate Application... ***
[3/26/2018 10:10:00 AM] Logging In To CRMOD: secure-ausomxjna.crmondemand.com with Username: ASBG/Admin
[3/26/2018 10:10:01 AM] SessionID: a1djScKPsP9TcZr88SNALoVlDb2tc-_MdpHm54HtjZVvP3ME5LmJ!1492799118
[3/26/2018 10:10:46 AM]  
[3/26/2018 10:10:46 AM]  *** Starting Exchange Rate Application... ***
[3/26/2018 10:10:46 AM] Logging In To CRMOD: secure-ausomxjna.crmondemand.com with Username: ASBG/Admin
[3/26/2018 10:10:47 AM] SessionID: o4FjSneoVHcfMfr6NFPyjSajB043cvfmifV5-7nq3vw-3ZnqwNaL!-711835669
[3/26/2018 10:11:44 AM]  
[3/26/2018 10:11:44 AM]  *** Starting Exchange Rate Application... ***
[3/26/2018 10:11:44 AM] Logging In To CRMOD: secure-ausomxjna.crmondemand.com with Username: ASBG/Admin
[3/26/2018 10:11:45 AM] SessionID: AGFjS1nHckDGcwm_gzV5z84NIaiLpGRbATJdM-zsAW3j2LIfImO_!-1379888424
[3/26/2018 10:13:19 AM]  
[3/26/2018 10:13:19 AM]  *** Starting Exchange Rate Application... ***
[3/26/2018 10:13:19 AM] Logging In To CRMOD: secure-ausomxjna.crmondemand.com with Username: ASBG/Admin
[3/26/2018 10:13:20 AM] SessionID: 4GtjTM2XEJhUx018H3OvoI8mTgTdWxBgYRVC--YybEEadHjsE1E2!1492799118
[3/26/2018 10:13:55 AM] Conversion from string "1.245018}" to type 'Double' is not valid.
[3/26/2018 10:13:55 AM] Logging Out of CRMOD: secure-ausomxjna.crmondemand.com with Username: ASBG/Admin
[3/26/2018 10:13:55 AM] ---------------------------------------------------------
[3/26/2018 10:14:00 AM]  
[3/26/2018 10:14:00 AM]  *** Starting Exchange Rate Application... ***
[3/26/2018 10:14:00 AM] Logging In To CRMOD: secure-ausomxjna.crmondemand.com with Username: ASBG/Admin
[3/26/2018 10:14:01 AM] SessionID: 9TZjTWwXlZ92Zx1Kn5i_P4psLEFuEUjupfXht5GKXhSGSmyMQaWc!695992018
[3/26/2018 10:15:27 AM]  
[3/26/2018 10:15:27 AM]  *** Starting Exchange Rate Application... ***
[3/26/2018 10:15:27 AM] Logging In To CRMOD: secure-ausomxjna.crmondemand.com with Username: ASBG/Admin
[3/26/2018 10:15:28 AM] SessionID: zt1jTsFm34Wn9lcsaUKYiFakSk_T9THi6MYK8UgZNcIh9xPscJQa!695992018
[3/26/2018 10:17:21 AM]  
[3/26/2018 10:17:21 AM]  *** Starting Exchange Rate Application... ***
[3/26/2018 10:17:21 AM] Logging In To CRMOD: secure-ausomxjna.crmondemand.com with Username: ASBG/Admin
[3/26/2018 10:17:22 AM] SessionID: PkFjUH47qlLPydqAQiE_87pmmU1DtGQaoXpsM-hVrTJ1T8WqXgjD!-1379888424
[3/26/2018 10:17:50 AM]  
[3/26/2018 10:17:50 AM]  *** Starting Exchange Rate Application... ***
[3/26/2018 10:17:50 AM] Logging In To CRMOD: secure-ausomxjna.crmondemand.com with Username: ASBG/Admin
[3/26/2018 10:17:50 AM] SessionID: IhZjUO0p9xerwHqN7V8Qt219oZNRIzbAXZdObLdG3JrTrCJcFEvz!-1379888424
[3/26/2018 10:25:07 AM]  
[3/26/2018 10:25:07 AM]  *** Starting Exchange Rate Application... ***
[3/26/2018 10:25:07 AM] Logging In To CRMOD: secure-ausomxjna.crmondemand.com with Username: ASBG/Admin
[3/26/2018 10:25:07 AM] SessionID: YmNjV5fvEXMu0KqGx-HMnrDvx541gjn1mh7HewUXx35RtLDbZky2!-1379888424
[3/26/2018 10:25:28 AM] Currency: BRL  Rate: 0.302752 Date: tday
[3/26/2018 10:25:41 AM] Currency: CHF  Rate: 1.058526 Date: tday
[3/26/2018 10:25:41 AM] Currency: CNY  Rate: 0.15953 Date: tday
[3/26/2018 10:25:41 AM] Currency: EUR  Rate: 1.245018 Date: tday
[3/26/2018 10:25:41 AM] Currency: GBP  Rate: 1.422314 Date: tday
[3/26/2018 10:25:41 AM] Currency: JPY  Rate: 0.009512 Date: tday
[3/26/2018 10:25:42 AM] Currency: MXN  Rate: 0.054589 Date: tday
[3/26/2018 10:25:42 AM] Currency: SGD  Rate: 0.763423 Date: tday
[3/26/2018 1:08:22 PM]  
[3/26/2018 1:08:22 PM]  *** Starting Exchange Rate Application... ***
[3/26/2018 1:08:22 PM] Logging In To CRMOD: secure-ausomxjna.crmondemand.com with Username: ASBG/Admin
[3/26/2018 1:08:23 PM] SessionID: bFFj7Q6RwDHuA03I6hgq9QUYSFyMXzDiVif24aWHXxG9zG8faeUg!-1379888424
[3/26/2018 1:08:24 PM] Currency: BRL  Rate: 0.302636 Date: tday
[3/26/2018 1:08:24 PM] Currency: CHF  Rate: 1.057863 Date: tday
[3/26/2018 1:08:24 PM] Currency: CNY  Rate: 0.15953 Date: tday
[3/26/2018 1:08:24 PM] Currency: EUR  Rate: 1.245642 Date: tday
[3/26/2018 1:08:24 PM] Currency: GBP  Rate: 1.42284 Date: tday
[3/26/2018 1:08:24 PM] Currency: JPY  Rate: 0.009486 Date: tday
[3/26/2018 1:08:25 PM] Currency: MXN  Rate: 0.054574 Date: tday
[3/26/2018 1:08:25 PM] Currency: SGD  Rate: 0.764047 Date: tday
[3/26/2018 1:10:00 PM]  
[3/26/2018 1:10:00 PM]  *** Starting Exchange Rate Application... ***
[3/26/2018 1:10:00 PM] Logging In To CRMOD: secure-ausomxjna.crmondemand.com with Username: ASBG/Admin
[3/26/2018 1:10:00 PM] SessionID: 2mVj7oxUlTuDWaNHKxmVh6VePAv4a3z_uDB3Jf3wHB9tQQC8n1j-!695992018
[3/26/2018 1:10:01 PM] Currency: BRL  Rate: 0.302636 Date: 10/26/2018
[3/26/2018 1:10:01 PM] Currency: CHF  Rate: 1.057863 Date: 10/26/2018
[3/26/2018 1:10:02 PM] Currency: CNY  Rate: 0.15953 Date: 10/26/2018
[3/26/2018 1:10:02 PM] Currency: EUR  Rate: 1.245642 Date: 10/26/2018
[3/26/2018 1:10:02 PM] Currency: GBP  Rate: 1.42284 Date: 10/26/2018
[3/26/2018 1:10:02 PM] Currency: JPY  Rate: 0.009486 Date: 10/26/2018
[3/26/2018 1:10:02 PM] Currency: MXN  Rate: 0.054574 Date: 10/26/2018
[3/26/2018 1:10:02 PM] Currency: SGD  Rate: 0.764047 Date: 10/26/2018
[3/26/2018 1:10:03 PM] Logging Out of CRMOD: secure-ausomxjna.crmondemand.com with Username: ASBG/Admin
[3/26/2018 1:10:03 PM] ---------------------------------------------------------
[3/26/2018 1:10:42 PM]  
[3/26/2018 1:10:42 PM]  *** Starting Exchange Rate Application... ***
[3/26/2018 1:10:42 PM] Logging In To CRMOD: secure-ausomxjna.crmondemand.com with Username: ASBG/Admin
[3/26/2018 1:10:43 PM] SessionID: MGZj7zMt_oW_r86Qm9wcZZVj-1MD9pLrMuxJTkEJDP3PhKVGBQji!-1379888424
[3/26/2018 1:10:44 PM] Currency: BRL  Rate: 0.302636 Date: 10/26/2018
[3/26/2018 1:10:44 PM] Currency: CHF  Rate: 1.057863 Date: 10/26/2018
[3/26/2018 1:10:44 PM] Currency: CNY  Rate: 0.15953 Date: 10/26/2018
[3/26/2018 1:10:44 PM] Currency: EUR  Rate: 1.245642 Date: 10/26/2018
[3/26/2018 1:10:45 PM] Currency: GBP  Rate: 1.42284 Date: 10/26/2018
[3/26/2018 1:10:45 PM] Currency: JPY  Rate: 0.009486 Date: 10/26/2018
[3/26/2018 1:10:45 PM] Currency: MXN  Rate: 0.054574 Date: 10/26/2018
[3/26/2018 1:10:45 PM] Currency: SGD  Rate: 0.764047 Date: 10/26/2018
[3/26/2018 1:14:46 PM]  
[3/26/2018 1:14:46 PM]  *** Starting Exchange Rate Application... ***
[3/26/2018 1:14:46 PM] Logging In To CRMOD: secure-ausomxjna.crmondemand.com with Username: ASBG/Admin
[3/26/2018 1:14:47 PM] SessionID: gqVj8uwAX61AqWte2uoo8z1vA0RrUJwYM9Sa7Lze2bSbs3Qr7r-7!1492799118
[3/26/2018 1:15:56 PM]  
[3/26/2018 1:15:56 PM]  *** Starting Exchange Rate Application... ***
[3/26/2018 1:15:56 PM] Logging In To CRMOD: secure-ausomxjna.crmondemand.com with Username: ASBG/Admin
[3/26/2018 1:15:56 PM] SessionID: sS5j8_u5ozVTgPOMd3Mc7lXHaTiTrq3X9fWa42DLlmQgxp5BBpZr!1492799118
[3/26/2018 1:16:11 PM] Currency: BRL  Rate: 0.302636 Date: 03/26/2018
[3/26/2018 1:16:11 PM] Currency: CHF  Rate: 1.057863 Date: 03/26/2018
[3/26/2018 1:16:12 PM] Currency: CNY  Rate: 0.15953 Date: 03/26/2018
[3/26/2018 1:16:12 PM] Currency: EUR  Rate: 1.245642 Date: 03/26/2018
[3/26/2018 1:16:12 PM] Currency: GBP  Rate: 1.42284 Date: 03/26/2018
[3/26/2018 1:16:12 PM] Currency: JPY  Rate: 0.009486 Date: 03/26/2018
[3/26/2018 1:16:12 PM] Currency: MXN  Rate: 0.054574 Date: 03/26/2018
[3/26/2018 1:16:12 PM] Currency: SGD  Rate: 0.764047 Date: 03/26/2018
[3/26/2018 1:20:59 PM]  
[3/26/2018 1:20:59 PM]  *** Starting Exchange Rate Application... ***
[3/26/2018 1:20:59 PM] Logging In To CRMOD: secure-ausomxjna.crmondemand.com with Username: ASBG/Admin
[3/26/2018 1:21:00 PM] SessionID: -Tpj-Jvg8O5ceUeG2H26ArmCT-JoGQ7Xyd7EjPW8SsAbmccD40Zo!-711835669
[3/26/2018 1:22:28 PM]  
[3/26/2018 1:22:28 PM]  *** Starting Exchange Rate Application... ***
[3/26/2018 1:22:28 PM] Logging In To CRMOD: secure-ausomxjna.crmondemand.com with Username: ASBG/Admin
[3/26/2018 1:22:29 PM] SessionID: LCpj-fgyDRpoQhrMjFZMLTpJF3JPZyLU8JlEtJucndahMG8-v6Y9!-1379888424
[3/26/2018 1:22:30 PM] Currency: BRL  Rate: 0.302636 Date: 03/26/2018
[3/26/2018 1:22:30 PM] Currency: CHF  Rate: 1.057863 Date: 03/26/2018
[3/26/2018 1:22:30 PM] Currency: CNY  Rate: 0.15953 Date: 03/26/2018
[3/26/2018 1:22:30 PM] Currency: EUR  Rate: 1.245642 Date: 03/26/2018
[3/26/2018 1:22:30 PM] Currency: GBP  Rate: 1.42284 Date: 03/26/2018
[3/26/2018 1:22:30 PM] Currency: JPY  Rate: 0.009486 Date: 03/26/2018
[3/26/2018 1:22:31 PM] Currency: MXN  Rate: 0.054574 Date: 03/26/2018
[3/26/2018 1:22:31 PM] Currency: SGD  Rate: 0.764047 Date: 03/26/2018
[3/26/2018 1:22:31 PM] Logging Out of CRMOD: secure-ausomxjna.crmondemand.com with Username: ASBG/Admin
[3/26/2018 1:22:32 PM] ---------------------------------------------------------
